<?xml version="1.0" encoding="UTF-8"?>
<!-- Generated by org.testng.reporters.JUnitXMLReporter -->
<testsuite ignored="0" hostname="LTIN462292" failures="0" tests="10" name="Test" time="75.861" errors="0" timestamp="2025-07-21T12:50:12 IST">
  <testcase classname="testCase.TestCase_Final" name="nav_new_bikes" time="2.42"/>
  <testcase classname="testCase.TestCase_Final" name="verify_clicking_AllBikes" time="8.585"/>
  <testcase classname="testCase.TestCase_Final" name="scrollAndClickHonda" time="9.395"/>
  <testcase classname="testCase.TestCase_Final" name="writeAffordableBikesToExcel" time="1.688"/>
  <testcase classname="testCase.TestCase_Final" name="clickUsedCar" time="1.98"/>
  <testcase classname="testCase.TestCase_Final" name="verifyClickCity" time="0.222"/>
  <testcase classname="testCase.TestCase_Final" name="getPopularModels" time="0.593"/>
  <testcase classname="testCase.TestCase_Final" name="return_ZigWheel" time="0.816"/>
  <testcase classname="testCase.TestCase_Final" name="loginTest" time="22.099"/>
  <testcase classname="testCase.TestCase_Final" name="loginTest" time="14.391"/>
</testsuite> <!-- Test -->
