<?xml version="1.0" encoding="UTF-8"?>
<!-- Generated by org.testng.reporters.JUnitXMLReporter -->
<testsuite ignored="0" hostname="LTIN521750" failures="0" tests="12" name="Test" time="203.359" errors="0" timestamp="2025-07-13T14:56:46 IST">
  <testcase classname="testCase.TC001_ClickNewBikes" name="nav_new_bikes" time="5.841"/>
  <testcase classname="testCase.TC002_UsedCars" name="nav_more" time="7.163"/>
  <testcase classname="testCase.TC002_UsedCars" name="usedCars_Displayed" time="0.532"/>
  <testcase classname="testCase.TC003_Login" name="loginTest" time="32.538"/>
  <testcase classname="testCase.TC003_Login" name="loginTest" time="18.245"/>
  <testcase classname="testCase.TC004_UpcomingBikesTest" name="verify_clicking_AllBikes" time="14.113"/>
  <testcase classname="testCase.TC004_UpcomingBikesTest" name="scrollAndClickHonda" time="9.882"/>
  <testcase classname="testCase.TC004_UpcomingBikesTest" name="writeAffordableBikesToExcel" time="1.812"/>
  <testcase classname="testCase.TC005_UsedCarsTest" name="clickUsedCar" time="13.806"/>
  <testcase classname="testCase.TC005_UsedCarsTest" name="verifyClickCity" time="1.334"/>
  <testcase classname="testCase.TC005_UsedCarsTest" name="getPopularModels" time="2.212"/>
  <testcase classname="testCase.TC005_UsedCarsTest" name="return_ZigWheel" time="10.321"/>
</testsuite> <!-- Test -->
