<?xml version="1.0" encoding="UTF-8"?>
<testng-results ignored="0" total="2" passed="2" failed="0" skipped="0">
  <reporter-output>
  </reporter-output>
  <suite started-at="2025-07-14T09:37:21 IST" name="Suite" finished-at="2025-07-14T09:38:10 IST" duration-ms="48772">
    <groups>
    </groups>
    <test started-at="2025-07-14T09:37:21 IST" name="Test" finished-at="2025-07-14T09:38:10 IST" duration-ms="48772">
      <class name="testCases.TC003_Login">
        <test-method is-config="true" signature="setUp(java.lang.String,java.lang.String)[pri:0, instance:testCases.TC003_Login@3eb25e1a]" started-at="2025-07-14T09:37:21 IST" name="setUp" finished-at="2025-07-14T09:37:28 IST" duration-ms="6825" status="PASS">
          <params>
            <param index="0">
              <value>
                <![CDATA[windows]]>
              </value>
            </param>
            <param index="1">
              <value>
                <![CDATA[chrome]]>
              </value>
            </param>
          </params>
          <reporter-output>
          </reporter-output>
        </test-method> <!-- setUp -->
        <test-method signature="loginTest(java.lang.String,java.lang.String,java.lang.String)[pri:0, instance:testCases.TC003_Login@3eb25e1a]" started-at="2025-07-14T09:37:31 IST" name="loginTest" data-provider="dp" finished-at="2025-07-14T09:37:49 IST" duration-ms="17624" status="PASS">
          <params>
            <param index="0">
              <value>
                <![CDATA[1]]>
              </value>
            </param>
            <param index="1">
              <value>
                <![CDATA[ujjwal.bodkhe@gmail.com]]>
              </value>
            </param>
            <param index="2">
              <value>
                <![CDATA[12]]>
              </value>
            </param>
          </params>
          <reporter-output>
          </reporter-output>
        </test-method> <!-- loginTest -->
        <test-method signature="loginTest(java.lang.String,java.lang.String,java.lang.String)[pri:0, instance:testCases.TC003_Login@3eb25e1a]" started-at="2025-07-14T09:37:49 IST" name="loginTest" data-provider="dp" finished-at="2025-07-14T09:38:03 IST" duration-ms="14763" status="PASS">
          <params>
            <param index="0">
              <value>
                <![CDATA[2]]>
              </value>
            </param>
            <param index="1">
              <value>
                <![CDATA[]]>
              </value>
            </param>
            <param index="2">
              <value>
                <![CDATA[fnsdsia34]]>
              </value>
            </param>
          </params>
          <reporter-output>
          </reporter-output>
        </test-method> <!-- loginTest -->
        <test-method is-config="true" signature="tearDown()[pri:0, instance:testCases.TC003_Login@3eb25e1a]" started-at="2025-07-14T09:38:03 IST" name="tearDown" finished-at="2025-07-14T09:38:10 IST" duration-ms="6825" status="PASS">
          <reporter-output>
          </reporter-output>
        </test-method> <!-- tearDown -->
      </class> <!-- testCases.TC003_Login -->
    </test> <!-- Test -->
  </suite> <!-- Suite -->
</testng-results>
