<?xml version="1.0" encoding="UTF-8"?>
<testng-results ignored="0" total="10" passed="10" failed="0" skipped="0">
  <reporter-output>
  </reporter-output>
  <suite started-at="2025-07-17T11:20:20 IST" name="Suite" finished-at="2025-07-17T11:21:27 IST" duration-ms="66484">
    <groups>
    </groups>
    <test started-at="2025-07-17T11:20:20 IST" name="Test" finished-at="2025-07-17T11:21:27 IST" duration-ms="66484">
      <class name="testCase.TestCase_Final">
        <test-method is-config="true" signature="setUp(java.lang.String,java.lang.String)[pri:0, instance:testCase.TestCase_Final@fbd1f6]" started-at="2025-07-17T11:20:20 IST" name="setUp" finished-at="2025-07-17T11:20:25 IST" duration-ms="4573" status="PASS">
          <params>
            <param index="0">
              <value>
                <![CDATA[windows]]>
              </value>
            </param>
            <param index="1">
              <value>
                <![CDATA[chrome]]>
              </value>
            </param>
          </params>
          <reporter-output>
          </reporter-output>
        </test-method> <!-- setUp -->
        <test-method signature="nav_new_bikes()[pri:0, instance:testCase.TestCase_Final@fbd1f6]" started-at="2025-07-17T11:20:25 IST" name="nav_new_bikes" finished-at="2025-07-17T11:20:26 IST" duration-ms="949" status="PASS">
          <reporter-output>
          </reporter-output>
        </test-method> <!-- nav_new_bikes -->
        <test-method signature="verify_clicking_AllBikes()[pri:1, instance:testCase.TestCase_Final@fbd1f6]" started-at="2025-07-17T11:20:26 IST" name="verify_clicking_AllBikes" finished-at="2025-07-17T11:20:34 IST" duration-ms="7935" status="PASS">
          <reporter-output>
          </reporter-output>
        </test-method> <!-- verify_clicking_AllBikes -->
        <test-method signature="scrollAndClickHonda()[pri:2, instance:testCase.TestCase_Final@fbd1f6]" started-at="2025-07-17T11:20:34 IST" name="scrollAndClickHonda" finished-at="2025-07-17T11:20:43 IST" duration-ms="9275" status="PASS">
          <reporter-output>
          </reporter-output>
        </test-method> <!-- scrollAndClickHonda -->
        <test-method signature="writeAffordableBikesToExcel()[pri:3, instance:testCase.TestCase_Final@fbd1f6]" started-at="2025-07-17T11:20:43 IST" name="writeAffordableBikesToExcel" finished-at="2025-07-17T11:20:44 IST" duration-ms="984" status="PASS">
          <reporter-output>
          </reporter-output>
        </test-method> <!-- writeAffordableBikesToExcel -->
        <test-method signature="clickUsedCar()[pri:4, instance:testCase.TestCase_Final@fbd1f6]" started-at="2025-07-17T11:20:44 IST" name="clickUsedCar" finished-at="2025-07-17T11:20:54 IST" duration-ms="9949" status="PASS">
          <reporter-output>
          </reporter-output>
        </test-method> <!-- clickUsedCar -->
        <test-method signature="verifyClickCity()[pri:0, instance:testCase.TestCase_Final@fbd1f6]" started-at="2025-07-17T11:20:54 IST" name="verifyClickCity" finished-at="2025-07-17T11:20:54 IST" depends-on-methods="testCase.TestCase_Final.clickUsedCar" duration-ms="250" status="PASS">
          <reporter-output>
          </reporter-output>
        </test-method> <!-- verifyClickCity -->
        <test-method signature="getPopularModels()[pri:0, instance:testCase.TestCase_Final@fbd1f6]" started-at="2025-07-17T11:20:54 IST" name="getPopularModels" finished-at="2025-07-17T11:20:55 IST" depends-on-methods="testCase.TestCase_Final.verifyClickCity" duration-ms="392" status="PASS">
          <reporter-output>
          </reporter-output>
        </test-method> <!-- getPopularModels -->
        <test-method signature="return_ZigWheel()[pri:0, instance:testCase.TestCase_Final@fbd1f6]" started-at="2025-07-17T11:20:55 IST" name="return_ZigWheel" finished-at="2025-07-17T11:20:56 IST" depends-on-methods="testCase.TestCase_Final.getPopularModels" duration-ms="925" status="PASS">
          <reporter-output>
          </reporter-output>
        </test-method> <!-- return_ZigWheel -->
        <test-method signature="loginTest(java.lang.String,java.lang.String,java.lang.String)[pri:5, instance:testCase.TestCase_Final@fbd1f6]" started-at="2025-07-17T11:20:56 IST" name="loginTest" data-provider="dp" finished-at="2025-07-17T11:21:09 IST" duration-ms="13658" status="PASS">
          <params>
            <param index="0">
              <value>
                <![CDATA[1]]>
              </value>
            </param>
            <param index="1">
              <value>
                <![CDATA[kunjmwork@gmail.com]]>
              </value>
            </param>
            <param index="2">
              <value>
                <![CDATA[12]]>
              </value>
            </param>
          </params>
          <reporter-output>
          </reporter-output>
        </test-method> <!-- loginTest -->
        <test-method signature="loginTest(java.lang.String,java.lang.String,java.lang.String)[pri:5, instance:testCase.TestCase_Final@fbd1f6]" started-at="2025-07-17T11:21:09 IST" name="loginTest" data-provider="dp" finished-at="2025-07-17T11:21:22 IST" duration-ms="12183" status="PASS">
          <params>
            <param index="0">
              <value>
                <![CDATA[2]]>
              </value>
            </param>
            <param index="1">
              <value>
                <![CDATA[]]>
              </value>
            </param>
            <param index="2">
              <value>
                <![CDATA[test@123]]>
              </value>
            </param>
          </params>
          <reporter-output>
          </reporter-output>
        </test-method> <!-- loginTest -->
        <test-method is-config="true" signature="tearDown()[pri:0, instance:testCase.TestCase_Final@fbd1f6]" started-at="2025-07-17T11:21:22 IST" name="tearDown" finished-at="2025-07-17T11:21:27 IST" duration-ms="4968" status="PASS">
          <reporter-output>
          </reporter-output>
        </test-method> <!-- tearDown -->
      </class> <!-- testCase.TestCase_Final -->
    </test> <!-- Test -->
  </suite> <!-- Suite -->
</testng-results>
